<?xml version="1.0" encoding="UTF-8"?>
<!-- Generated by org.testng.reporters.JUnitXMLReporter -->
<testsuite ignored="2" hostname="DESKTOP-0IP6PRG" failures="0" tests="1" name="Test2" time="0.013" errors="0" timestamp="2023-12-08T13:39:58 IST">
  <testcase classname="Auto.NewTest" name="TestMethod2" time="0.003"/>
  <testcase classname="Auto.NewTest" name="TestMethod1" time="0.0">
    <ignored/>
  </testcase> <!-- TestMethod1 -->
  <testcase classname="Auto.NewTest" name="TestMethod3" time="0.0">
    <ignored/>
  </testcase> <!-- TestMethod3 -->
</testsuite> <!-- Test2 -->
