<?xml version="1.0" encoding="UTF-8"?>
<!-- Generated by org.testng.reporters.JUnitXMLReporter -->
<testsuite ignored="0" hostname="DESKTOP-0IP6PRG" failures="2" tests="3" name="Test1" time="0.089" errors="0" timestamp="2023-12-08T21:58:57 IST">
  <testcase classname="Auto.TestDependency" name="CreateShipment" time="0.014">
    <failure type="java.lang.ArithmeticException" message="/ by zero">
      <![CDATA[java.lang.ArithmeticException: / by zero
at Auto.TestDependency.CreateShipment(TestDependency.java:14)
at java.base/java.util.ArrayList.forEach(ArrayList.java:1511)
... Removed 25 stack frames]]>
    </failure>
  </testcase> <!-- CreateShipment -->
  <testcase classname="Auto.TestDependency" name="TrackShipment" time="0.002">
    <failure type="java.lang.Exception" message="invalid tracking number">
      <![CDATA[java.lang.Exception: invalid tracking number
at Auto.TestDependency.TrackShipment(TestDependency.java:25)
at java.base/java.util.ArrayList.forEach(ArrayList.java:1511)
... Removed 25 stack frames]]>
    </failure>
  </testcase> <!-- TrackShipment -->
  <testcase classname="Auto.TestDependency" name="CancelShipment" time="0.0">
    <skipped/>
  </testcase> <!-- CancelShipment -->
</testsuite> <!-- Test1 -->
