<?xml version="1.0" encoding="UTF-8"?>
<!-- Generated by org.testng.reporters.JUnitXMLReporter -->
<testsuite ignored="0" hostname="DESKTOP-0IP6PRG" failures="1" tests="2" name="Test" time="0.111" errors="0" timestamp="2023-12-10T11:35:24 IST">
  <testcase classname="Auto.ParallelTesting" name="method1" time="0.031">
    <failure type="java.lang.AssertionError" message="expected [true] but found [false]">
      <![CDATA[java.lang.AssertionError: expected [true] but found [false]
at Auto.ParallelTesting.method1(ParallelTesting.java:14)
at java.base/java.util.concurrent.ThreadPoolExecutor.runWorker(ThreadPoolExecutor.java:1144)
at java.base/java.util.concurrent.ThreadPoolExecutor$Worker.run(ThreadPoolExecutor.java:642)
at java.base/java.lang.Thread.run(Thread.java:1623)
... Removed 14 stack frames]]>
    </failure>
  </testcase> <!-- method1 -->
  <testcase classname="Auto.ParallelTesting" name="method2" time="0.002"/>
</testsuite> <!-- Test -->
